1630984195521	geckodriver	INFO	Listening on 127.0.0.1:60727
1630984196519	mozrunner::runner	INFO	Running command: "/usr/bin/firefox" "--marionette" "--headless" "-foreground" "-no-remote" "-profile" "/tmp/rust_mozprofileE9Q6DG"
1630984196520	geckodriver::marionette	DEBUG	Waiting 60s to connect to browser on 127.0.0.1:39199
*** You are running in headless mode.
[GFX1-]: glxtest: Unable to open a connection to the X server
[GFX1-]: glxtest: libEGL missing
1630984197389	Marionette	INFO	Marionette enabled
1630984197454	RemoteAgent	DEBUG	CDP enabled
1630984197499	Marionette	TRACE	Received observer notification toplevel-window-ready
[GFX1-]: RenderCompositorSWGL failed mapping default framebuffer, no dt
console.warn: SearchSettings: "get: No settings file exists, new profile?" (new NotFoundError("Could not open the file at /tmp/rust_mozprofileE9Q6DG/search.json.mozlz4", (void 0)))
1630984198963	Marionette	TRACE	Received observer notification marionette-startup-requested
1630984198963	Marionette	TRACE	Waiting until startup recorder finished recording startup scripts...
1630984199029	Marionette	TRACE	All scripts recorded.
1630984199030	RemoteAgent	DEBUG	Setting recommended pref apz.content_response_timeout to 60000
1630984199031	RemoteAgent	DEBUG	Setting recommended pref browser.contentblocking.introCount to 99
1630984199031	RemoteAgent	DEBUG	Setting recommended pref browser.download.panel.shown to true
1630984199032	RemoteAgent	DEBUG	Setting recommended pref browser.newtabpage.enabled to false
1630984199034	RemoteAgent	DEBUG	Setting recommended pref browser.pagethumbnails.capturing_disabled to true
1630984199034	RemoteAgent	DEBUG	Setting recommended pref browser.search.update to false
1630984199034	RemoteAgent	DEBUG	Setting recommended pref browser.tabs.disableBackgroundZombification to false
1630984199035	RemoteAgent	DEBUG	Setting recommended pref browser.tabs.remote.separatePrivilegedContentProcess to false
1630984199035	RemoteAgent	DEBUG	Setting recommended pref browser.tabs.unloadOnLowMemory to false
1630984199035	RemoteAgent	DEBUG	Setting recommended pref browser.tabs.warnOnCloseOtherTabs to false
1630984199035	RemoteAgent	DEBUG	Setting recommended pref browser.tabs.warnOnOpen to false
1630984199036	RemoteAgent	DEBUG	Setting recommended pref browser.toolbars.bookmarks.visibility to never
1630984199036	RemoteAgent	DEBUG	Setting recommended pref browser.usedOnWindows10.introURL to 
1630984199036	RemoteAgent	DEBUG	Setting recommended pref browser.urlbar.suggest.searches to false
1630984199038	RemoteAgent	DEBUG	Setting recommended pref datareporting.policy.dataSubmissionPolicyAccepted to false
1630984199038	RemoteAgent	DEBUG	Setting recommended pref dom.disable_open_during_load to false
1630984199038	RemoteAgent	DEBUG	Setting recommended pref dom.file.createInChild to true
1630984199039	RemoteAgent	DEBUG	Setting recommended pref dom.max_chrome_script_run_time to 0
1630984199039	RemoteAgent	DEBUG	Setting recommended pref dom.max_script_run_time to 0
1630984199040	RemoteAgent	DEBUG	Setting recommended pref dom.push.connection.enabled to false
1630984199041	RemoteAgent	DEBUG	Setting recommended pref extensions.getAddons.cache.enabled to false
1630984199041	RemoteAgent	DEBUG	Setting recommended pref extensions.getAddons.discovery.api_url to data:, 
1630984199041	RemoteAgent	DEBUG	Setting recommended pref network.http.prompt-temp-redirect to false
1630984199041	RemoteAgent	DEBUG	Setting recommended pref privacy.trackingprotection.enabled to false
1630984199041	RemoteAgent	DEBUG	Setting recommended pref security.fileuri.strict_origin_policy to false
1630984199043	RemoteAgent	DEBUG	Setting recommended pref security.notification_enable_delay to 0
1630984199043	RemoteAgent	DEBUG	Setting recommended pref signon.autofillForms to false
1630984199045	RemoteAgent	DEBUG	Setting recommended pref signon.rememberSignons to false
1630984199047	RemoteAgent	DEBUG	Setting recommended pref dom.disable_beforeunload to true
1630984199049	Marionette	INFO	Listening on port 39199
1630984199049	Marionette	DEBUG	Marionette is listening
1630984199138	Marionette	DEBUG	Accepted connection 0 from 127.0.0.1:57056
1630984199139	geckodriver::marionette	DEBUG	Connection to Marionette established on 127.0.0.1:39199.
1630984199146	Marionette	DEBUG	0 -> [0,1,"WebDriver:NewSession",{"acceptInsecureCerts":true,"browserName":"firefox"}]
1630984199150	RemoteAgent	WARN	TLS certificate errors will be ignored for this session
1630984199161	Marionette	DEBUG	0 <- [1,1,null,{"sessionId":"928a0bdd-c5fc-470e-ba59-c3e5013d5190","capabilities":{"browserName":"firefox","browserVersion":"91.0. ... ofileE9Q6DG","moz:shutdownTimeout":60000,"moz:useNonSpecCompliantPointerOrigin":false,"moz:webdriverClick":true,"proxy":{}}}]
1630984199164	webdriver::server	DEBUG	<- 200 OK {"value":{"sessionId":"928a0bdd-c5fc-470e-ba59-c3e5013d5190","capabilities":{"acceptInsecureCerts":true,"browserName":"firefox","browserVersion":"91.0.2","moz:accessibilityChecks":false,"moz:buildID":"20210823123856","moz:geckodriverVersion":"0.29.1","moz:headless":true,"moz:processID":1958,"moz:profile":"/tmp/rust_mozprofileE9Q6DG","moz:shutdownTimeout":60000,"moz:useNonSpecCompliantPointerOrigin":false,"moz:webdriverClick":true,"pageLoadStrategy":"normal","platformName":"linux","platformVersion":"5.8.0-1040-azure","proxy":{},"setWindowRect":true,"strictFileInteractability":false,"timeouts":{"implicit":0,"pageLoad":300000,"script":30000},"unhandledPromptBehavior":"dismiss and notify"}}}
1630984199166	webdriver::server	DEBUG	-> POST /session/928a0bdd-c5fc-470e-ba59-c3e5013d5190/timeouts {"pageLoad": 60000}
1630984199167	Marionette	DEBUG	0 -> [0,2,"WebDriver:SetTimeouts",{"pageLoad":60000}]
1630984199168	Marionette	DEBUG	0 <- [1,2,null,{"value":null}]
1630984199169	webdriver::server	DEBUG	<- 200 OK {"value":null}
1630984199169	webdriver::server	DEBUG	-> POST /session/928a0bdd-c5fc-470e-ba59-c3e5013d5190/url {"url": "https://www.ine.cl/estadisticas/sociales/economia-regional/repositorio-de-estadisticas-regionales"}
1630984199171	Marionette	DEBUG	0 -> [0,3,"WebDriver:Navigate",{"url":"https://www.ine.cl/estadisticas/sociales/economia-regional/repositorio-de-estadisticas-regionales"}]
1630984199179	Marionette	TRACE	[17] MarionetteEvents actor created for window id 2147483649
1630984199184	Marionette	TRACE	[17] Received event beforeunload for about:blank
1630984200511	Marionette	TRACE	[17] Received event pagehide for about:blank
1630984202452	Marionette	TRACE	[17] MarionetteEvents actor created for window id 2147483650
1630984202453	Marionette	TRACE	[17] Received event DOMContentLoaded for https://www.ine.cl/estadisticas/sociales/economia-regional/repositorio-de-estadisticas-regionales
1630984202898	Marionette	TRACE	[17] Received event pageshow for https://www.ine.cl/estadisticas/sociales/economia-regional/repositorio-de-estadisticas-regionales
1630984202899	Marionette	DEBUG	0 <- [1,3,null,{"value":null}]
1630984202902	webdriver::server	DEBUG	<- 200 OK {"value":null}
1630984262962	webdriver::server	DEBUG	-> POST /session/928a0bdd-c5fc-470e-ba59-c3e5013d5190/element {"using": "xpath", "value": "/html/body/form/div[8]/div[3]/div[1]/div/div/div/div[1]"}
1630984262963	Marionette	DEBUG	0 -> [0,4,"WebDriver:FindElement",{"using":"xpath","value":"/html/body/form/div[8]/div[3]/div[1]/div/div/div/div[1]"}]
1630984262969	Marionette	TRACE	[17] MarionetteCommands actor created for window id 2147483650
1630984262977	Marionette	DEBUG	0 <- [1,4,null,{"value":{"element-6066-11e4-a52e-4f735466cecf":"56ee94c5-a1e6-4c41-b8f8-3706bd036ecd"}}]
1630984262978	webdriver::server	DEBUG	<- 200 OK {"value":{"element-6066-11e4-a52e-4f735466cecf":"56ee94c5-a1e6-4c41-b8f8-3706bd036ecd"}}
1630984262980	webdriver::server	DEBUG	-> POST /session/928a0bdd-c5fc-470e-ba59-c3e5013d5190/element/56ee94c5-a1e6-4c41-b8f8-3706bd036ecd/click {"id": "56ee94c5-a1e6-4c41-b8f8-3706bd036ecd"}
1630984262980	Marionette	DEBUG	0 -> [0,5,"WebDriver:ElementClick",{"id":"56ee94c5-a1e6-4c41-b8f8-3706bd036ecd"}]
1630984263020	Marionette	TRACE	Received DOM event click for [object HTMLDivElement]
1630984263224	Marionette	TRACE	Canceled page load listener because no navigation has been detected
1630984263224	Marionette	DEBUG	0 <- [1,5,null,{"value":null}]
1630984263225	webdriver::server	DEBUG	<- 200 OK {"value":null}
1630984268232	webdriver::server	DEBUG	-> POST /session/928a0bdd-c5fc-470e-ba59-c3e5013d5190/element {"using": "xpath", "value": "/html/body/form/div[8]/div[3]/div[2]/div/div/div/div[4]/div/div/div"}
1630984268232	Marionette	DEBUG	0 -> [0,6,"WebDriver:FindElement",{"using":"xpath","value":"/html/body/form/div[8]/div[3]/div[2]/div/div/div/div[4]/div/div/div"}]
1630984268234	Marionette	DEBUG	0 <- [1,6,null,{"value":{"element-6066-11e4-a52e-4f735466cecf":"b281f193-4995-4040-a25a-b0c1c87c6065"}}]
1630984268235	webdriver::server	DEBUG	<- 200 OK {"value":{"element-6066-11e4-a52e-4f735466cecf":"b281f193-4995-4040-a25a-b0c1c87c6065"}}
1630984268236	webdriver::server	DEBUG	-> POST /session/928a0bdd-c5fc-470e-ba59-c3e5013d5190/element/b281f193-4995-4040-a25a-b0c1c87c6065/click {"id": "b281f193-4995-4040-a25a-b0c1c87c6065"}
1630984268236	Marionette	DEBUG	0 -> [0,7,"WebDriver:ElementClick",{"id":"b281f193-4995-4040-a25a-b0c1c87c6065"}]
1630984268673	Marionette	TRACE	Received DOM event click for [object HTMLDivElement]
1630984268879	Marionette	TRACE	Canceled page load listener because no navigation has been detected
1630984268880	Marionette	DEBUG	0 <- [1,7,null,{"value":null}]
1630984268880	webdriver::server	DEBUG	<- 200 OK {"value":null}
1630984273887	webdriver::server	DEBUG	-> POST /session/928a0bdd-c5fc-470e-ba59-c3e5013d5190/element {"using": "xpath", "value": "/html/body/form/div[8]/div[3]/div[3]/div/div/div/div/div[2]/a[1]"}
1630984273888	Marionette	DEBUG	0 -> [0,8,"WebDriver:FindElement",{"using":"xpath","value":"/html/body/form/div[8]/div[3]/div[3]/div/div/div/div/div[2]/a[1]"}]
1630984273891	Marionette	DEBUG	0 <- [1,8,null,{"value":{"element-6066-11e4-a52e-4f735466cecf":"4f0acd16-fe98-4dc2-84ed-9ce19ad15953"}}]
1630984273892	webdriver::server	DEBUG	<- 200 OK {"value":{"element-6066-11e4-a52e-4f735466cecf":"4f0acd16-fe98-4dc2-84ed-9ce19ad15953"}}
1630984273893	webdriver::server	DEBUG	-> POST /session/928a0bdd-c5fc-470e-ba59-c3e5013d5190/execute/sync {"script": "return (function(){return function(){var d=this;function f(a){return\"string\"==typeof a};function h(a,b){this.code=a;this.a=l[a]||m;this.message=b||\"\";a=this.a.replace(/((?:^|\\s+)[a-z])/g,function(a){return a.toUpperCase().replace(/^[\\s\\xa0]+/g,\"\")});b=a.length-5;if(0>b||a.indexOf(\"Error\",b)!=b)a+=\"Error\";this.name=a;a=Error(this.message);a.name=this.name;this.stack=a.stack||\"\"}\n(function(){var a=Error;function b(){}b.prototype=a.prototype;h.b=a.prototype;h.prototype=new b;h.prototype.constructor=h;h.a=function(b,c,g){for(var e=Array(arguments.length-2),k=2;k<arguments.length;k++)e[k-2]=arguments[k];return a.prototype[c].apply(b,e)}})();var m=\"unknown error\",l={15:\"element not selectable\",11:\"element not visible\"};l[31]=m;l[30]=m;l[24]=\"invalid cookie domain\";l[29]=\"invalid element coordinates\";l[12]=\"invalid element state\";l[32]=\"invalid selector\";l[51]=\"invalid selector\";\nl[52]=\"invalid selector\";l[17]=\"javascript error\";l[405]=\"unsupported operation\";l[34]=\"move target out of bounds\";l[27]=\"no such alert\";l[7]=\"no such element\";l[8]=\"no such frame\";l[23]=\"no such window\";l[28]=\"script timeout\";l[33]=\"session not created\";l[10]=\"stale element reference\";l[21]=\"timeout\";l[25]=\"unable to set cookie\";l[26]=\"unexpected alert open\";l[13]=m;l[9]=\"unknown command\";h.prototype.toString=function(){return this.name+\": \"+this.message};var n;a:{var p=d.navigator;if(p){var q=p.userAgent;if(q){n=q;break a}}n=\"\"}function r(a){return-1!=n.indexOf(a)};function t(a,b){for(var e=a.length,c=f(a)?a.split(\"\"):a,g=0;g<e;g++)g in c&&b.call(void 0,c[g],g,a)};function v(){return r(\"iPhone\")&&!r(\"iPod\")&&!r(\"iPad\")};function w(){return(r(\"Chrome\")||r(\"CriOS\"))&&!r(\"Edge\")};var x=r(\"Opera\"),y=r(\"Trident\")||r(\"MSIE\"),z=r(\"Edge\"),A=r(\"Gecko\")&&!(-1!=n.toLowerCase().indexOf(\"webkit\")&&!r(\"Edge\"))&&!(r(\"Trident\")||r(\"MSIE\"))&&!r(\"Edge\"),aa=-1!=n.toLowerCase().indexOf(\"webkit\")&&!r(\"Edge\");function B(){var a=d.document;return a?a.documentMode:void 0}var C;\na:{var D=\"\",E=function(){var a=n;if(A)return/rv\\:([^\\);]+)(\\)|;)/.exec(a);if(z)return/Edge\\/([\\d\\.]+)/.exec(a);if(y)return/\\b(?:MSIE|rv)[: ]([^\\);]+)(\\)|;)/.exec(a);if(aa)return/WebKit\\/(\\S+)/.exec(a);if(x)return/(?:Version)[ \\/]?(\\S+)/.exec(a)}();E&&(D=E?E[1]:\"\");if(y){var F=B();if(null!=F&&F>parseFloat(D)){C=String(F);break a}}C=D}var G;var H=d.document;G=H&&y?B()||(\"CSS1Compat\"==H.compatMode?parseInt(C,10):5):void 0;var ba=r(\"Firefox\"),ca=v()||r(\"iPod\"),da=r(\"iPad\"),I=r(\"Android\")&&!(w()||r(\"Firefox\")||r(\"Opera\")||r(\"Silk\")),ea=w(),J=r(\"Safari\")&&!(w()||r(\"Coast\")||r(\"Opera\")||r(\"Edge\")||r(\"Silk\")||r(\"Android\"))&&!(v()||r(\"iPad\")||r(\"iPod\"));function K(a){return(a=a.exec(n))?a[1]:\"\"}(function(){if(ba)return K(/Firefox\\/([0-9.]+)/);if(y||z||x)return C;if(ea)return v()||r(\"iPad\")||r(\"iPod\")?K(/CriOS\\/([0-9.]+)/):K(/Chrome\\/([0-9.]+)/);if(J&&!(v()||r(\"iPad\")||r(\"iPod\")))return K(/Version\\/([0-9.]+)/);if(ca||da){var a=/Version\\/(\\S+).*Mobile\\/(\\S+)/.exec(n);if(a)return a[1]+\".\"+a[2]}else if(I)return(a=K(/Android\\s+([0-9.]+)/))?a:K(/Version\\/([0-9.]+)/);return\"\"})();var L,M=function(){if(!A)return!1;var a=d.Components;if(!a)return!1;try{if(!a.classes)return!1}catch(g){return!1}var b=a.classes,a=a.interfaces,e=b[\"@mozilla.org/xpcom/version-comparator;1\"].getService(a.nsIVersionComparator),c=b[\"@mozilla.org/xre/app-info;1\"].getService(a.nsIXULAppInfo).version;L=function(a){e.compare(c,\"\"+a)};return!0}(),N=y&&!(8<=Number(G)),fa=y&&!(9<=Number(G));I&&M&&L(2.3);I&&M&&L(4);J&&M&&L(6);var ga={SCRIPT:1,STYLE:1,HEAD:1,IFRAME:1,OBJECT:1},O={IMG:\" \",BR:\"\\n\"};function P(a,b,e){if(!(a.nodeName in ga))if(3==a.nodeType)e?b.push(String(a.nodeValue).replace(/(\\r\\n|\\r|\\n)/g,\"\")):b.push(a.nodeValue);else if(a.nodeName in O)b.push(O[a.nodeName]);else for(a=a.firstChild;a;)P(a,b,e),a=a.nextSibling};function Q(a,b){b=b.toLowerCase();return\"style\"==b?ha(a.style.cssText):N&&\"value\"==b&&R(a,\"INPUT\")?a.value:fa&&!0===a[b]?String(a.getAttribute(b)):(a=a.getAttributeNode(b))&&a.specified?a.value:null}var ia=/[;]+(?=(?:(?:[^\"]*\"){2})*[^\"]*$)(?=(?:(?:[^']*'){2})*[^']*$)(?=(?:[^()]*\\([^()]*\\))*[^()]*$)/;\nfunction ha(a){var b=[];t(a.split(ia),function(a){var c=a.indexOf(\":\");0<c&&(a=[a.slice(0,c),a.slice(c+1)],2==a.length&&b.push(a[0].toLowerCase(),\":\",a[1],\";\"))});b=b.join(\"\");return b=\";\"==b.charAt(b.length-1)?b:b+\";\"}function S(a,b){N&&\"value\"==b&&R(a,\"OPTION\")&&null===Q(a,\"value\")?(b=[],P(a,b,!1),a=b.join(\"\")):a=a[b];return a}function R(a,b){b&&\"string\"!==typeof b&&(b=b.toString());return!!a&&1==a.nodeType&&(!b||a.tagName.toUpperCase()==b)}\nfunction T(a){return R(a,\"OPTION\")?!0:R(a,\"INPUT\")?(a=a.type.toLowerCase(),\"checkbox\"==a||\"radio\"==a):!1};var ja={\"class\":\"className\",readonly:\"readOnly\"},U=\"allowfullscreen allowpaymentrequest allowusermedia async autofocus autoplay checked compact complete controls declare default defaultchecked defaultselected defer disabled ended formnovalidate hidden indeterminate iscontenteditable ismap itemscope loop multiple muted nohref nomodule noresize noshade novalidate nowrap open paused playsinline pubdate readonly required reversed scoped seamless seeking selected truespeed typemustmatch willvalidate\".split(\" \");function V(a,b){var e=null,c=b.toLowerCase();if(\"style\"==c)return(e=a.style)&&!f(e)&&(e=e.cssText),e;if((\"selected\"==c||\"checked\"==c)&&T(a)){if(!T(a))throw new h(15,\"Element is not selectable\");b=\"selected\";e=a.type&&a.type.toLowerCase();if(\"checkbox\"==e||\"radio\"==e)b=\"checked\";return S(a,b)?\"true\":null}var g=R(a,\"A\");if(R(a,\"IMG\")&&\"src\"==c||g&&\"href\"==c)return(e=Q(a,c))&&(e=S(a,c)),e;if(\"spellcheck\"==c){e=Q(a,c);if(null!==e){if(\"false\"==e.toLowerCase())return\"false\";if(\"true\"==e.toLowerCase())return\"true\"}return S(a,\nc)+\"\"}g=ja[b]||b;a:if(f(U))c=f(c)&&1==c.length?U.indexOf(c,0):-1;else{for(var u=0;u<U.length;u++)if(u in U&&U[u]===c){c=u;break a}c=-1}if(0<=c)return(e=null!==Q(a,b)||S(a,g))?\"true\":null;try{var k=S(a,g)}catch(ka){}(c=null==k)||(c=typeof k,c=\"object\"==c&&null!=k||\"function\"==c);c?e=Q(a,b):e=k;return null!=e?e.toString():null}var W=[\"_\"],X=d;W[0]in X||!X.execScript||X.execScript(\"var \"+W[0]);\nfor(var Y;W.length&&(Y=W.shift());){var Z;if(Z=!W.length)Z=void 0!==V;Z?X[Y]=V:X[Y]&&X[Y]!==Object.prototype[Y]?X=X[Y]:X=X[Y]={}};; return this._.apply(null,arguments);}.apply({navigator:typeof window!='undefined'?window.navigator:null,document:typeof window!='undefined'?window.document:null}, arguments);}\n).apply(null, arguments);", "args": [{"ELEMENT": "4f0acd16-fe98-4dc2-84ed-9ce19ad15953", "element-6066-11e4-a52e-4f735466cecf": "4f0acd16-fe98-4dc2-84ed-9ce19ad15953"}, "href"]}
1630984273894	Marionette	DEBUG	0 -> [0,9,"WebDriver:ExecuteScript",{"args":[{"ELEMENT":"4f0acd16-fe98-4dc2-84ed-9ce19ad15953","element-6066-11e4-a52e-4f735466cec ... '?window.navigator:null,document:typeof window!='undefined'?window.document:null}, arguments);}\n).apply(null, arguments);"}]
1630984273902	Marionette	DEBUG	0 <- [1,9,null,{"value":"https://www.ine.cl/docs/default-source/repositorio-de-estad%C3%ADsticas-regionales/cuadros-estadisticos/documentos/estad%C3%ADsticas-regionales.xlsx?sfvrsn=1fe0406a_151"}]
1630984273902	webdriver::server	DEBUG	<- 200 OK {"value":"https://www.ine.cl/docs/default-source/repositorio-de-estad%C3%ADsticas-regionales/cuadros-estadisticos/documentos/estad%C3%ADsticas-regionales.xlsx?sfvrsn=1fe0406a_151"}
1630984278908	webdriver::server	DEBUG	-> POST /session/928a0bdd-c5fc-470e-ba59-c3e5013d5190/element {"using": "xpath", "value": "/html/body/form/div[8]/div[3]/div[3]/div/div/div/div/div[2]/a[2]"}
1630984278909	Marionette	DEBUG	0 -> [0,10,"WebDriver:FindElement",{"using":"xpath","value":"/html/body/form/div[8]/div[3]/div[3]/div/div/div/div/div[2]/a[2]"}]
1630984278912	Marionette	DEBUG	0 <- [1,10,null,{"value":{"element-6066-11e4-a52e-4f735466cecf":"8289230b-76a2-404b-9f8f-344bccd3ef0d"}}]
1630984278912	webdriver::server	DEBUG	<- 200 OK {"value":{"element-6066-11e4-a52e-4f735466cecf":"8289230b-76a2-404b-9f8f-344bccd3ef0d"}}
1630984278913	webdriver::server	DEBUG	-> POST /session/928a0bdd-c5fc-470e-ba59-c3e5013d5190/execute/sync {"script": "return (function(){return function(){var d=this;function f(a){return\"string\"==typeof a};function h(a,b){this.code=a;this.a=l[a]||m;this.message=b||\"\";a=this.a.replace(/((?:^|\\s+)[a-z])/g,function(a){return a.toUpperCase().replace(/^[\\s\\xa0]+/g,\"\")});b=a.length-5;if(0>b||a.indexOf(\"Error\",b)!=b)a+=\"Error\";this.name=a;a=Error(this.message);a.name=this.name;this.stack=a.stack||\"\"}\n(function(){var a=Error;function b(){}b.prototype=a.prototype;h.b=a.prototype;h.prototype=new b;h.prototype.constructor=h;h.a=function(b,c,g){for(var e=Array(arguments.length-2),k=2;k<arguments.length;k++)e[k-2]=arguments[k];return a.prototype[c].apply(b,e)}})();var m=\"unknown error\",l={15:\"element not selectable\",11:\"element not visible\"};l[31]=m;l[30]=m;l[24]=\"invalid cookie domain\";l[29]=\"invalid element coordinates\";l[12]=\"invalid element state\";l[32]=\"invalid selector\";l[51]=\"invalid selector\";\nl[52]=\"invalid selector\";l[17]=\"javascript error\";l[405]=\"unsupported operation\";l[34]=\"move target out of bounds\";l[27]=\"no such alert\";l[7]=\"no such element\";l[8]=\"no such frame\";l[23]=\"no such window\";l[28]=\"script timeout\";l[33]=\"session not created\";l[10]=\"stale element reference\";l[21]=\"timeout\";l[25]=\"unable to set cookie\";l[26]=\"unexpected alert open\";l[13]=m;l[9]=\"unknown command\";h.prototype.toString=function(){return this.name+\": \"+this.message};var n;a:{var p=d.navigator;if(p){var q=p.userAgent;if(q){n=q;break a}}n=\"\"}function r(a){return-1!=n.indexOf(a)};function t(a,b){for(var e=a.length,c=f(a)?a.split(\"\"):a,g=0;g<e;g++)g in c&&b.call(void 0,c[g],g,a)};function v(){return r(\"iPhone\")&&!r(\"iPod\")&&!r(\"iPad\")};function w(){return(r(\"Chrome\")||r(\"CriOS\"))&&!r(\"Edge\")};var x=r(\"Opera\"),y=r(\"Trident\")||r(\"MSIE\"),z=r(\"Edge\"),A=r(\"Gecko\")&&!(-1!=n.toLowerCase().indexOf(\"webkit\")&&!r(\"Edge\"))&&!(r(\"Trident\")||r(\"MSIE\"))&&!r(\"Edge\"),aa=-1!=n.toLowerCase().indexOf(\"webkit\")&&!r(\"Edge\");function B(){var a=d.document;return a?a.documentMode:void 0}var C;\na:{var D=\"\",E=function(){var a=n;if(A)return/rv\\:([^\\);]+)(\\)|;)/.exec(a);if(z)return/Edge\\/([\\d\\.]+)/.exec(a);if(y)return/\\b(?:MSIE|rv)[: ]([^\\);]+)(\\)|;)/.exec(a);if(aa)return/WebKit\\/(\\S+)/.exec(a);if(x)return/(?:Version)[ \\/]?(\\S+)/.exec(a)}();E&&(D=E?E[1]:\"\");if(y){var F=B();if(null!=F&&F>parseFloat(D)){C=String(F);break a}}C=D}var G;var H=d.document;G=H&&y?B()||(\"CSS1Compat\"==H.compatMode?parseInt(C,10):5):void 0;var ba=r(\"Firefox\"),ca=v()||r(\"iPod\"),da=r(\"iPad\"),I=r(\"Android\")&&!(w()||r(\"Firefox\")||r(\"Opera\")||r(\"Silk\")),ea=w(),J=r(\"Safari\")&&!(w()||r(\"Coast\")||r(\"Opera\")||r(\"Edge\")||r(\"Silk\")||r(\"Android\"))&&!(v()||r(\"iPad\")||r(\"iPod\"));function K(a){return(a=a.exec(n))?a[1]:\"\"}(function(){if(ba)return K(/Firefox\\/([0-9.]+)/);if(y||z||x)return C;if(ea)return v()||r(\"iPad\")||r(\"iPod\")?K(/CriOS\\/([0-9.]+)/):K(/Chrome\\/([0-9.]+)/);if(J&&!(v()||r(\"iPad\")||r(\"iPod\")))return K(/Version\\/([0-9.]+)/);if(ca||da){var a=/Version\\/(\\S+).*Mobile\\/(\\S+)/.exec(n);if(a)return a[1]+\".\"+a[2]}else if(I)return(a=K(/Android\\s+([0-9.]+)/))?a:K(/Version\\/([0-9.]+)/);return\"\"})();var L,M=function(){if(!A)return!1;var a=d.Components;if(!a)return!1;try{if(!a.classes)return!1}catch(g){return!1}var b=a.classes,a=a.interfaces,e=b[\"@mozilla.org/xpcom/version-comparator;1\"].getService(a.nsIVersionComparator),c=b[\"@mozilla.org/xre/app-info;1\"].getService(a.nsIXULAppInfo).version;L=function(a){e.compare(c,\"\"+a)};return!0}(),N=y&&!(8<=Number(G)),fa=y&&!(9<=Number(G));I&&M&&L(2.3);I&&M&&L(4);J&&M&&L(6);var ga={SCRIPT:1,STYLE:1,HEAD:1,IFRAME:1,OBJECT:1},O={IMG:\" \",BR:\"\\n\"};function P(a,b,e){if(!(a.nodeName in ga))if(3==a.nodeType)e?b.push(String(a.nodeValue).replace(/(\\r\\n|\\r|\\n)/g,\"\")):b.push(a.nodeValue);else if(a.nodeName in O)b.push(O[a.nodeName]);else for(a=a.firstChild;a;)P(a,b,e),a=a.nextSibling};function Q(a,b){b=b.toLowerCase();return\"style\"==b?ha(a.style.cssText):N&&\"value\"==b&&R(a,\"INPUT\")?a.value:fa&&!0===a[b]?String(a.getAttribute(b)):(a=a.getAttributeNode(b))&&a.specified?a.value:null}var ia=/[;]+(?=(?:(?:[^\"]*\"){2})*[^\"]*$)(?=(?:(?:[^']*'){2})*[^']*$)(?=(?:[^()]*\\([^()]*\\))*[^()]*$)/;\nfunction ha(a){var b=[];t(a.split(ia),function(a){var c=a.indexOf(\":\");0<c&&(a=[a.slice(0,c),a.slice(c+1)],2==a.length&&b.push(a[0].toLowerCase(),\":\",a[1],\";\"))});b=b.join(\"\");return b=\";\"==b.charAt(b.length-1)?b:b+\";\"}function S(a,b){N&&\"value\"==b&&R(a,\"OPTION\")&&null===Q(a,\"value\")?(b=[],P(a,b,!1),a=b.join(\"\")):a=a[b];return a}function R(a,b){b&&\"string\"!==typeof b&&(b=b.toString());return!!a&&1==a.nodeType&&(!b||a.tagName.toUpperCase()==b)}\nfunction T(a){return R(a,\"OPTION\")?!0:R(a,\"INPUT\")?(a=a.type.toLowerCase(),\"checkbox\"==a||\"radio\"==a):!1};var ja={\"class\":\"className\",readonly:\"readOnly\"},U=\"allowfullscreen allowpaymentrequest allowusermedia async autofocus autoplay checked compact complete controls declare default defaultchecked defaultselected defer disabled ended formnovalidate hidden indeterminate iscontenteditable ismap itemscope loop multiple muted nohref nomodule noresize noshade novalidate nowrap open paused playsinline pubdate readonly required reversed scoped seamless seeking selected truespeed typemustmatch willvalidate\".split(\" \");function V(a,b){var e=null,c=b.toLowerCase();if(\"style\"==c)return(e=a.style)&&!f(e)&&(e=e.cssText),e;if((\"selected\"==c||\"checked\"==c)&&T(a)){if(!T(a))throw new h(15,\"Element is not selectable\");b=\"selected\";e=a.type&&a.type.toLowerCase();if(\"checkbox\"==e||\"radio\"==e)b=\"checked\";return S(a,b)?\"true\":null}var g=R(a,\"A\");if(R(a,\"IMG\")&&\"src\"==c||g&&\"href\"==c)return(e=Q(a,c))&&(e=S(a,c)),e;if(\"spellcheck\"==c){e=Q(a,c);if(null!==e){if(\"false\"==e.toLowerCase())return\"false\";if(\"true\"==e.toLowerCase())return\"true\"}return S(a,\nc)+\"\"}g=ja[b]||b;a:if(f(U))c=f(c)&&1==c.length?U.indexOf(c,0):-1;else{for(var u=0;u<U.length;u++)if(u in U&&U[u]===c){c=u;break a}c=-1}if(0<=c)return(e=null!==Q(a,b)||S(a,g))?\"true\":null;try{var k=S(a,g)}catch(ka){}(c=null==k)||(c=typeof k,c=\"object\"==c&&null!=k||\"function\"==c);c?e=Q(a,b):e=k;return null!=e?e.toString():null}var W=[\"_\"],X=d;W[0]in X||!X.execScript||X.execScript(\"var \"+W[0]);\nfor(var Y;W.length&&(Y=W.shift());){var Z;if(Z=!W.length)Z=void 0!==V;Z?X[Y]=V:X[Y]&&X[Y]!==Object.prototype[Y]?X=X[Y]:X=X[Y]={}};; return this._.apply(null,arguments);}.apply({navigator:typeof window!='undefined'?window.navigator:null,document:typeof window!='undefined'?window.document:null}, arguments);}\n).apply(null, arguments);", "args": [{"ELEMENT": "8289230b-76a2-404b-9f8f-344bccd3ef0d", "element-6066-11e4-a52e-4f735466cecf": "8289230b-76a2-404b-9f8f-344bccd3ef0d"}, "href"]}
1630984278914	Marionette	DEBUG	0 -> [0,11,"WebDriver:ExecuteScript",{"args":[{"ELEMENT":"8289230b-76a2-404b-9f8f-344bccd3ef0d","element-6066-11e4-a52e-4f735466ce ... '?window.navigator:null,document:typeof window!='undefined'?window.document:null}, arguments);}\n).apply(null, arguments);"}]
1630984278919	Marionette	DEBUG	0 <- [1,11,null,{"value":"https://www.ine.cl/docs/default-source/repositorio-de-estad%C3%ADsticas-regionales/cuadros-estadisticos/documentos/descriptor-de-campos.xlsx?sfvrsn=6cd7e45d_97"}]
1630984278920	webdriver::server	DEBUG	<- 200 OK {"value":"https://www.ine.cl/docs/default-source/repositorio-de-estad%C3%ADsticas-regionales/cuadros-estadisticos/documentos/descriptor-de-campos.xlsx?sfvrsn=6cd7e45d_97"}
1630984361824	Marionette	DEBUG	Closed connection 0
